Arguments: 
  /usr/local/bin/node /usr/local/bin/yarn

PATH: 
  /usr/local/bin:/usr/bin:/bin:/usr/sbin:/sbin

Yarn version: 
  1.22.19

Node version: 
  18.16.0

Platform: 
  darwin x64

Trace: 
  Error: EACCES: permission denied, unlink '/Users/macbook/Documents/week-2-task-classifier-JamesOlaleye/node_modules/yarn/LICENSE'

npm manifest: 
  {
    "name": "duplicate-transactions",
    "version": "1.0.0",
    "main": "index.js",
    "license": "MIT",
    "author": "DCHQ Program Team",
    "scripts": {
      "test": "jest",
      "prepare": "husky install"
    },
    "devDependencies": {
      "@types/jest": "^27.0.3",
      "husky": "^7.0.0",
      "jest": "^27.4.3",
      "mockdate": "2.0.3",
      "ts-jest": "^27.1.1",
      "typescript": "^4.5.3"
    },
    "dependencies": {
      "brew": "^0.0.8",
      "concurrently": "^8.2.0",
      "nodemon": "^2.0.22",
      "yarn": "^1.22.19"
    }
  }

yarn manifest: 
  No manifest

Lockfile: 
  No lockfile
